[debug] [2026-04-05T18:59:51.331Z] ----------------------------------------------------------------------
[debug] [2026-04-05T18:59:51.332Z] Command:       /home/jgf2/.nvm/versions/node/v24.14.0/bin/node /home/jgf2/.npm/_npx/ba4f1959e38407b5/node_modules/.bin/firebase init dataconnect --project demo-no-project
[debug] [2026-04-05T18:59:51.332Z] CLI Version:   15.13.0
[debug] [2026-04-05T18:59:51.332Z] Platform:      linux
[debug] [2026-04-05T18:59:51.332Z] Node Version:  v24.14.0
[debug] [2026-04-05T18:59:51.332Z] Time:          Sun Apr 05 2026 14:59:51 GMT-0400 (Eastern Daylight Time)
[debug] [2026-04-05T18:59:51.332Z] ----------------------------------------------------------------------
[debug] 
[debug] [2026-04-05T18:59:51.334Z] >>> [apiv2][query] GET https://firebase-public.firebaseio.com/cli.json [none]
[info] 
     ######## #### ########  ######## ########     ###     ######  ########
     ##        ##  ##     ## ##       ##     ##  ##   ##  ##       ##
     ######    ##  ########  ######   ########  #########  ######  ######
     ##        ##  ##    ##  ##       ##     ## ##     ##       ## ##
     ##       #### ##     ## ######## ########  ##     ##  ######  ########

You're about to initialize a Firebase project in this directory:

  /home/jgf2/git/solidity-dev

[info] 
=== Project Setup
[info] 
[info] First, let's associate this project directory with a Firebase project.
[info] You can create multiple project aliases by running firebase use --add, 
[info] 
[info] Skipping Firebase project setup because a demo project is provided
[info] 
=== Dataconnect Setup
[info] ✔  dataconnect: Detected existing apps . (web), alchemy (web), forge/lib/forge-std (web) 
[debug] [2026-04-05T18:59:53.796Z] <<< [apiv2][status] GET https://firebase-public.firebaseio.com/cli.json 200
[debug] [2026-04-05T18:59:53.797Z] <<< [apiv2][body] GET https://firebase-public.firebaseio.com/cli.json {"cloudBuildErrorAfter":1594252800000,"cloudBuildWarnAfter":1590019200000,"defaultNode10After":1594252800000,"minVersion":"3.0.5","node8DeploysDisabledAfter":1613390400000,"node8RuntimeDisabledAfter":1615809600000,"node8WarnAfter":1600128000000}
[debug] [2026-04-05T19:00:04.626Z] ExitPromptError: User force closed the prompt with SIGINT
    at Interface.sigint (/home/jgf2/.npm/_npx/ba4f1959e38407b5/node_modules/@inquirer/core/dist/commonjs/lib/create-prompt.js:101:37)
    at Interface.emit (node:events:508:28)
    at [_ttyWrite] [as _ttyWrite] (node:internal/readline/interface:1327:18)
    at ReadStream.onkeypress (node:internal/readline/interface:284:20)
    at ReadStream.emit (node:events:520:35)
    at emitKeys (node:internal/readline/utils:371:14)
    at emitKeys.next (<anonymous>)
    at ReadStream.onData (node:internal/readline/emitKeypressEvents:64:36)
    at ReadStream.emit (node:events:508:28)
    at addChunk (node:internal/streams/readable:563:12)
[error] 
[error] Error: An unexpected error has occurred.
